<?xml version="1.0" encoding="UTF-8"?>
<testng-results ignored="0" total="1" passed="1" failed="0" skipped="0">
  <reporter-output>
    <line>
      <![CDATA[WaitTime : 500]]>
    </line>
    <line>
      <![CDATA[Entered value is : Phoneno]]>
    </line>
    <line>
      <![CDATA[Sending Mobile Number]]>
    </line>
    <line>
      <![CDATA[WaitTime : 1000]]>
    </line>
    <line>
      <![CDATA[Click on sign in]]>
    </line>
    <line>
      <![CDATA[WaitTime : 2000]]>
    </line>
    <line>
      <![CDATA[Entered value is : Passcode]]>
    </line>
    <line>
      <![CDATA[Entering Passcode]]>
    </line>
    <line>
      <![CDATA[WaitTime : 8000]]>
    </line>
    <line>
      <![CDATA[Click on submit button]]>
    </line>
    <line>
      <![CDATA[WaitTime : 100000]]>
    </line>
    <line>
      <![CDATA[Click on Ok option]]>
    </line>
    <line>
      <![CDATA[WaitTime : 10000]]>
    </line>
    <line>
      <![CDATA[Click Close option]]>
    </line>
    <line>
      <![CDATA[Scroll to Element]]>
    </line>
    <line>
      <![CDATA[Get UserNameHi Pramila Chopra]]>
    </line>
    <line>
      <![CDATA[Entered value is : Username]]>
    </line>
    <line>
      <![CDATA[User Name value is matched]]>
    </line>
    <line>
      <![CDATA[Take ScreeenShot]]>
    </line>
    <line>
      <![CDATA[Test Case  validateUserName Passed Successfully]]>
    </line>
  </reporter-output>
  <suite started-at="2022-12-09T09:05:49 IST" name="Default suite" finished-at="2022-12-09T09:06:44 IST" duration-ms="55010">
    <groups>
    </groups>
    <test started-at="2022-12-09T09:05:49 IST" name="Default test" finished-at="2022-12-09T09:06:44 IST" duration-ms="55010">
      <class name="NeoStoxTest.NeoStexValidateUserNameTest">
        <test-method is-config="true" signature="openBroswer()[pri:0, instance:NeoStoxTest.NeoStexValidateUserNameTest@618425b5]" started-at="2022-12-09T09:05:49 IST" name="openBroswer" finished-at="2022-12-09T09:06:13 IST" duration-ms="24811" status="PASS">
          <reporter-output>
            <line>
              <![CDATA[WaitTime : 500]]>
            </line>
          </reporter-output>
        </test-method> <!-- openBroswer -->
        <test-method is-config="true" signature="logintoNewStox()[pri:0, instance:NeoStoxTest.NeoStexValidateUserNameTest@618425b5]" started-at="2022-12-09T09:06:13 IST" name="logintoNewStox" finished-at="2022-12-09T09:06:43 IST" duration-ms="29403" status="PASS">
          <reporter-output>
            <line>
              <![CDATA[Entered value is : Phoneno]]>
            </line>
            <line>
              <![CDATA[Sending Mobile Number]]>
            </line>
            <line>
              <![CDATA[WaitTime : 1000]]>
            </line>
            <line>
              <![CDATA[Click on sign in]]>
            </line>
            <line>
              <![CDATA[WaitTime : 2000]]>
            </line>
            <line>
              <![CDATA[Entered value is : Passcode]]>
            </line>
            <line>
              <![CDATA[Entering Passcode]]>
            </line>
            <line>
              <![CDATA[WaitTime : 8000]]>
            </line>
            <line>
              <![CDATA[Click on submit button]]>
            </line>
            <line>
              <![CDATA[WaitTime : 100000]]>
            </line>
            <line>
              <![CDATA[Click on Ok option]]>
            </line>
            <line>
              <![CDATA[WaitTime : 10000]]>
            </line>
            <line>
              <![CDATA[Click Close option]]>
            </line>
          </reporter-output>
        </test-method> <!-- logintoNewStox -->
        <test-method signature="validateUserName()[pri:0, instance:NeoStoxTest.NeoStexValidateUserNameTest@618425b5]" started-at="2022-12-09T09:06:43 IST" name="validateUserName" finished-at="2022-12-09T09:06:43 IST" duration-ms="696" status="PASS">
          <reporter-output>
            <line>
              <![CDATA[Scroll to Element]]>
            </line>
            <line>
              <![CDATA[Get UserNameHi Pramila Chopra]]>
            </line>
            <line>
              <![CDATA[Entered value is : Username]]>
            </line>
            <line>
              <![CDATA[User Name value is matched]]>
            </line>
            <line>
              <![CDATA[Take ScreeenShot]]>
            </line>
            <line>
              <![CDATA[Test Case  validateUserName Passed Successfully]]>
            </line>
          </reporter-output>
        </test-method> <!-- validateUserName -->
      </class> <!-- NeoStoxTest.NeoStexValidateUserNameTest -->
    </test> <!-- Default test -->
  </suite> <!-- Default suite -->
</testng-results>
